<?xml version="1.0" encoding="UTF-8"?>
<!-- Generated by org.testng.reporters.JUnitXMLReporter -->
<testsuite hostname="surapaneni" ignored="0" name="Second Test" tests="3" failures="0" timestamp="17 Dec 2020 09:11:39 GMT" time="0.059" errors="0">
  <testcase name="test2" time="0.004" classname="com.selenium.sai.framework.Test2">
    <skipped/>
  </testcase> <!-- test2 -->
  <testcase name="test2" time="0.006" classname="com.selenium.sai.framework.Test2">
    <skipped/>
  </testcase> <!-- test2 -->
  <testcase name="test2" time="0.006" classname="com.selenium.sai.framework.Test2"/>
</testsuite> <!-- Second Test -->
