<?xml version="1.0" encoding="UTF-8"?>
<!-- Generated by org.testng.reporters.JUnitXMLReporter -->
<testsuite hostname="surapaneni" ignored="0" name="Third Test" tests="3" failures="0" timestamp="01 Dec 2020 10:36:28 GMT" time="0.029" errors="0">
  <testcase name="test3" time="0.003" classname="com.selenium.sai.framework.Test3">
    <skipped/>
  </testcase> <!-- test3 -->
  <testcase name="test3" time="0.007" classname="com.selenium.sai.framework.Test3">
    <skipped/>
  </testcase> <!-- test3 -->
  <testcase name="test3" time="0.001" classname="com.selenium.sai.framework.Test3"/>
</testsuite> <!-- Third Test -->
