<?xml version="1.0" encoding="UTF-8"?>
<testng-results skipped="0" failed="0" ignored="0" total="1" passed="1">
  <reporter-output>
  </reporter-output>
  <suite name="Default suite" duration-ms="1050" started-at="2020-12-02T11:41:08Z" finished-at="2020-12-02T11:41:09Z">
    <groups>
    </groups>
    <test name="Default test" duration-ms="1050" started-at="2020-12-02T11:41:08Z" finished-at="2020-12-02T11:41:09Z">
      <class name="com.selenium.sai.framework.helper.excel.ExcelHelperTest">
        <test-method status="PASS" signature="updateExcelData()[pri:0, instance:com.selenium.sai.framework.helper.excel.ExcelHelperTest@2f112965]" name="updateExcelData" duration-ms="1010" started-at="2020-12-02T11:41:08Z" finished-at="2020-12-02T11:41:09Z">
          <reporter-output>
          </reporter-output>
        </test-method> <!-- updateExcelData -->
      </class> <!-- com.selenium.sai.framework.helper.excel.ExcelHelperTest -->
    </test> <!-- Default test -->
  </suite> <!-- Default suite -->
</testng-results>
